<?xml version="1.0" encoding="UTF-8"?>
<!-- Generated by org.testng.reporters.JUnitXMLReporter -->
<testsuite hostname="IMCBBCP54-BLL" ignored="0" name="EmployeesRestAPITest" tests="34" failures="15" timestamp="2022-05-04T12:44:20 IST" time="33.659" errors="0">
  <testcase name="checkContentLenght" time="0.006" classname="com.employees.testcases.TC001_Get_All_Employees"/>
  <testcase name="checkContentType" time="0.001" classname="com.employees.testcases.TC001_Get_All_Employees"/>
  <testcase name="checkCookies" time="0.001" classname="com.employees.testcases.TC001_Get_All_Employees"/>
  <testcase name="checkResponseBody" time="0.017" classname="com.employees.testcases.TC001_Get_All_Employees"/>
  <testcase name="checkResponseTime" time="0.002" classname="com.employees.testcases.TC001_Get_All_Employees"/>
  <testcase name="checkStatusCode" time="0.002" classname="com.employees.testcases.TC001_Get_All_Employees">
    <failure type="java.lang.AssertionError" message="expected [200] but found [429]">
      <![CDATA[java.lang.AssertionError: expected [200] but found [429]
at com.employees.testcases.TC001_Get_All_Employees.checkStatusCode(TC001_Get_All_Employees.java:42)
at java.util.ArrayList.forEach(ArrayList.java:1259)
... Removed 33 stack frames]]>
    </failure>
  </testcase> <!-- checkStatusCode -->
  <testcase name="checkcontentEncoding" time="0.001" classname="com.employees.testcases.TC001_Get_All_Employees"/>
  <testcase name="checkserverType" time="0.002" classname="com.employees.testcases.TC001_Get_All_Employees"/>
  <testcase name="checkstatusLine" time="0.001" classname="com.employees.testcases.TC001_Get_All_Employees">
    <failure type="java.lang.AssertionError" message="expected [HTTP/1.1 200 OK] but found [HTTP/1.1 429 Too Many Requests]">
      <![CDATA[java.lang.AssertionError: expected [HTTP/1.1 200 OK] but found [HTTP/1.1 429 Too Many Requests]
at com.employees.testcases.TC001_Get_All_Employees.checkstatusLine(TC001_Get_All_Employees.java:69)
at java.util.ArrayList.forEach(ArrayList.java:1259)
... Removed 33 stack frames]]>
    </failure>
  </testcase> <!-- checkstatusLine -->
  <testcase name="checkContentLenght" time="0.002" classname="com.employees.testcases.TC002_Get_Single_EmployeeData"/>
  <testcase name="checkContentType" time="0.002" classname="com.employees.testcases.TC002_Get_Single_EmployeeData"/>
  <testcase name="checkResponseTime" time="0.003" classname="com.employees.testcases.TC002_Get_Single_EmployeeData"/>
  <testcase name="checkResposeBody" time="0.002" classname="com.employees.testcases.TC002_Get_Single_EmployeeData"/>
  <testcase name="checkStatusCode" time="0.003" classname="com.employees.testcases.TC002_Get_Single_EmployeeData">
    <failure type="java.lang.AssertionError" message="expected [200] but found [429]">
      <![CDATA[java.lang.AssertionError: expected [200] but found [429]
at com.employees.testcases.TC002_Get_Single_EmployeeData.checkStatusCode(TC002_Get_Single_EmployeeData.java:42)
at java.util.ArrayList.forEach(ArrayList.java:1259)
... Removed 33 stack frames]]>
    </failure>
  </testcase> <!-- checkStatusCode -->
  <testcase name="checkserverType" time="0.003" classname="com.employees.testcases.TC002_Get_Single_EmployeeData">
    <failure type="java.lang.AssertionError" message="expected [nginx/1.14.1] but found [nginx]">
      <![CDATA[java.lang.AssertionError: expected [nginx/1.14.1] but found [nginx]
at com.employees.testcases.TC002_Get_Single_EmployeeData.checkserverType(TC002_Get_Single_EmployeeData.java:72)
at java.util.ArrayList.forEach(ArrayList.java:1259)
... Removed 33 stack frames]]>
    </failure>
  </testcase> <!-- checkserverType -->
  <testcase name="checkstatusLine" time="0.002" classname="com.employees.testcases.TC002_Get_Single_EmployeeData">
    <failure type="java.lang.AssertionError" message="expected [HTTP/1.1 200 OK] but found [HTTP/1.1 429 Too Many Requests]">
      <![CDATA[java.lang.AssertionError: expected [HTTP/1.1 200 OK] but found [HTTP/1.1 429 Too Many Requests]
at com.employees.testcases.TC002_Get_Single_EmployeeData.checkstatusLine(TC002_Get_Single_EmployeeData.java:57)
at java.util.ArrayList.forEach(ArrayList.java:1259)
... Removed 33 stack frames]]>
    </failure>
  </testcase> <!-- checkstatusLine -->
  <testcase name="checkContentType" time="0.002" classname="com.employees.testcases.TC003_Post_EmployeeData">
    <failure type="java.lang.AssertionError" message="expected [text/html; charset=UTF-8] but found [application/json]">
      <![CDATA[java.lang.AssertionError: expected [text/html; charset=UTF-8] but found [application/json]
at com.employees.testcases.TC003_Post_EmployeeData.checkContentType(TC003_Post_EmployeeData.java:81)
at java.util.ArrayList.forEach(ArrayList.java:1259)
... Removed 33 stack frames]]>
    </failure>
  </testcase> <!-- checkContentType -->
  <testcase name="checkResposeBody" time="0.004" classname="com.employees.testcases.TC003_Post_EmployeeData"/>
  <testcase name="checkStatusCode" time="0.002" classname="com.employees.testcases.TC003_Post_EmployeeData"/>
  <testcase name="checkcontentEncoding" time="0.001" classname="com.employees.testcases.TC003_Post_EmployeeData">
    <failure type="java.lang.AssertionError" message="expected [gzip] but found [null]">
      <![CDATA[java.lang.AssertionError: expected [gzip] but found [null]
at com.employees.testcases.TC003_Post_EmployeeData.checkcontentEncoding(TC003_Post_EmployeeData.java:95)
at java.util.ArrayList.forEach(ArrayList.java:1259)
... Removed 33 stack frames]]>
    </failure>
  </testcase> <!-- checkcontentEncoding -->
  <testcase name="checkserverType" time="0.001" classname="com.employees.testcases.TC003_Post_EmployeeData">
    <failure type="java.lang.AssertionError" message="expected [nginx/1.14.1] but found [nginx]">
      <![CDATA[java.lang.AssertionError: expected [nginx/1.14.1] but found [nginx]
at com.employees.testcases.TC003_Post_EmployeeData.checkserverType(TC003_Post_EmployeeData.java:88)
at java.util.ArrayList.forEach(ArrayList.java:1259)
... Removed 33 stack frames]]>
    </failure>
  </testcase> <!-- checkserverType -->
  <testcase name="checkstatusLine" time="0.001" classname="com.employees.testcases.TC003_Post_EmployeeData"/>
  <testcase name="checkContentType" time="0.002" classname="com.employees.testcases.TC004_Put_EmployeeData">
    <failure type="java.lang.AssertionError" message="expected [text/html; charset=UTF-8] but found [application/json]">
      <![CDATA[java.lang.AssertionError: expected [text/html; charset=UTF-8] but found [application/json]
at com.employees.testcases.TC004_Put_EmployeeData.checkContentType(TC004_Put_EmployeeData.java:82)
at java.util.ArrayList.forEach(ArrayList.java:1259)
... Removed 33 stack frames]]>
    </failure>
  </testcase> <!-- checkContentType -->
  <testcase name="checkResposeBody" time="0.002" classname="com.employees.testcases.TC004_Put_EmployeeData"/>
  <testcase name="checkStatusCode" time="0.002" classname="com.employees.testcases.TC004_Put_EmployeeData"/>
  <testcase name="checkcontentEncoding" time="0.002" classname="com.employees.testcases.TC004_Put_EmployeeData">
    <failure type="java.lang.AssertionError" message="expected [gzip] but found [null]">
      <![CDATA[java.lang.AssertionError: expected [gzip] but found [null]
at com.employees.testcases.TC004_Put_EmployeeData.checkcontentEncoding(TC004_Put_EmployeeData.java:96)
at java.util.ArrayList.forEach(ArrayList.java:1259)
... Removed 33 stack frames]]>
    </failure>
  </testcase> <!-- checkcontentEncoding -->
  <testcase name="checkserverType" time="0.002" classname="com.employees.testcases.TC004_Put_EmployeeData">
    <failure type="java.lang.AssertionError" message="expected [nginx/1.14.1] but found [nginx]">
      <![CDATA[java.lang.AssertionError: expected [nginx/1.14.1] but found [nginx]
at com.employees.testcases.TC004_Put_EmployeeData.checkserverType(TC004_Put_EmployeeData.java:89)
at java.util.ArrayList.forEach(ArrayList.java:1259)
... Removed 33 stack frames]]>
    </failure>
  </testcase> <!-- checkserverType -->
  <testcase name="checkstatusLine" time="0.002" classname="com.employees.testcases.TC004_Put_EmployeeData"/>
  <testcase name="checkContentType" time="0.002" classname="com.employees.testcases.TC005_Delete_EmployeeData"/>
  <testcase name="checkResposeBody" time="0.002" classname="com.employees.testcases.TC005_Delete_EmployeeData">
    <failure type="java.lang.AssertionError" message="expected [true] but found [false]">
      <![CDATA[java.lang.AssertionError: expected [true] but found [false]
at com.employees.testcases.TC005_Delete_EmployeeData.checkResposeBody(TC005_Delete_EmployeeData.java:45)
at java.util.ArrayList.forEach(ArrayList.java:1259)
... Removed 33 stack frames]]>
    </failure>
  </testcase> <!-- checkResposeBody -->
  <testcase name="checkStatusCode" time="0.002" classname="com.employees.testcases.TC005_Delete_EmployeeData">
    <failure type="java.lang.AssertionError" message="expected [200] but found [429]">
      <![CDATA[java.lang.AssertionError: expected [200] but found [429]
at com.employees.testcases.TC005_Delete_EmployeeData.checkStatusCode(TC005_Delete_EmployeeData.java:53)
at java.util.ArrayList.forEach(ArrayList.java:1259)
... Removed 33 stack frames]]>
    </failure>
  </testcase> <!-- checkStatusCode -->
  <testcase name="checkcontentEncoding" time="0.001" classname="com.employees.testcases.TC005_Delete_EmployeeData"/>
  <testcase name="checkserverType" time="0.001" classname="com.employees.testcases.TC005_Delete_EmployeeData">
    <failure type="java.lang.AssertionError" message="expected [nginx/1.14.1] but found [nginx]">
      <![CDATA[java.lang.AssertionError: expected [nginx/1.14.1] but found [nginx]
at com.employees.testcases.TC005_Delete_EmployeeData.checkserverType(TC005_Delete_EmployeeData.java:75)
at java.util.ArrayList.forEach(ArrayList.java:1259)
... Removed 33 stack frames]]>
    </failure>
  </testcase> <!-- checkserverType -->
  <testcase name="checkstatusLine" time="0.002" classname="com.employees.testcases.TC005_Delete_EmployeeData">
    <failure type="java.lang.AssertionError" message="expected [HTTP/1.1 200 OK] but found [HTTP/1.1 429 Too Many Requests]">
      <![CDATA[java.lang.AssertionError: expected [HTTP/1.1 200 OK] but found [HTTP/1.1 429 Too Many Requests]
at com.employees.testcases.TC005_Delete_EmployeeData.checkstatusLine(TC005_Delete_EmployeeData.java:60)
at java.util.ArrayList.forEach(ArrayList.java:1259)
... Removed 33 stack frames]]>
    </failure>
  </testcase> <!-- checkstatusLine -->
</testsuite> <!-- EmployeesRestAPITest -->
